2021-08-13 09:28:19 info Listening on port 3000...
2021-08-13 09:28:49 info ::1 - - [2021-08-13T00:28:49.745Z] POST /v1/user/login HTTP/1.1 200 521 - "PostmanRuntime/7.28.3" -
2021-08-13 09:29:03 info ::1 - - [2021-08-13T00:29:03.832Z] GET /v1 HTTP/1.1 200 64 - "PostmanRuntime/7.28.3" -
2021-08-13 10:14:05 info Listening on port 3000...
2021-08-13 10:14:12 info Listening on port 3000...
2021-08-13 10:20:14 info Listening on port 3000...
2021-08-13 10:22:03 info Listening on port 3000...
2021-08-13 10:47:56 info Listening on port 3000...
2021-08-13 10:48:06 info ::1 - - [2021-08-13T01:48:06.250Z] GET /v1/setting HTTP/1.1 500 21 - "PostmanRuntime/7.28.3" -
2021-08-13 10:50:52 info Listening on port 3000...
2021-08-13 10:51:26 info Listening on port 3000...
2021-08-13 10:51:29 info ::1 - - [2021-08-13T01:51:29.175Z] GET /v1/setting HTTP/1.1 500 21 - "PostmanRuntime/7.28.3" -
2021-08-13 10:54:13 info Listening on port 3000...
2021-08-13 10:54:17 error {"message":"설정정보가 존재하지 않습니다.","ctx":{"request":{"method":"GET","url":"/v1/bo/setting","header":{"authorization":"Bearer eyJhbGciOiJIUzI1NiIsInR5cCI6IkpXVCJ9.eyJpZCI6Im5hdnlfMDEiLCJpYXQiOjE2MjU4MDkxMTYsImV4cCI6MTYyNjQxMzkxNiwiaXNzIjoiY29hcnNvZnQuY29tIiwic3ViIjoidXNlckluZm8ifQ.bXwK5sxF2RQNPwJSD813U9365w3K0R_wEqsg6zgJXjM","user-agent":"PostmanRuntime/7.28.3","accept":"*/*","cache-control":"no-cache","postman-token":"b73e9033-eb12-4159-97e1-076846666f9b","host":"localhost:3000","accept-encoding":"gzip, deflate, br","connection":"keep-alive"}},"response":{"status":404,"message":"Not Found","header":{"vary":"Origin"}},"app":{"subdomainOffset":2,"proxy":false,"env":"development"},"originalUrl":"/v1/bo/setting","req":"<original node req>","res":"<original node res>","socket":"<original node socket>"},"request":{}}
2021-08-13 10:54:17 info ::1 - - [2021-08-13T01:54:17.412Z] GET /v1/bo/setting HTTP/1.1 401 71 - "PostmanRuntime/7.28.3" -
2021-08-13 10:54:43 info ::1 - - [2021-08-13T01:54:43.737Z] GET /v1/setting HTTP/1.1 500 21 - "PostmanRuntime/7.28.3" -
2021-08-13 10:56:15 info Listening on port 3000...
2021-08-13 10:56:17 info ::1 - - [2021-08-13T01:56:17.024Z] GET /v1/setting HTTP/1.1 500 21 - "PostmanRuntime/7.28.3" -
2021-08-13 10:56:32 info Listening on port 3000...
2021-08-13 10:56:32 error {"message":"허용하지 않은 접근"}
2021-08-13 10:56:32 info ::ffff:127.0.0.1 - - [2021-08-13T01:56:32.664Z] GET /v1/setting HTTP/1.1 404 55 - "PostmanRuntime/7.28.3" -
2021-08-13 10:56:45 info Listening on port 3000...
2021-08-13 10:57:11 error {"message":"허용하지 않은 접근"}
2021-08-13 10:57:11 info ::1 - - [2021-08-13T01:57:11.683Z] GET /v1/setting HTTP/1.1 404 55 - "PostmanRuntime/7.28.3" -
2021-08-13 10:57:32 error {"message":"설정정보가 존재하지 않습니다.","ctx":{"request":{"method":"GET","url":"/v1/bo/setting","header":{"authorization":"Bearer eyJhbGciOiJIUzI1NiIsInR5cCI6IkpXVCJ9.eyJpZCI6Im5hdnlfMDEiLCJpYXQiOjE2MjU4MDkxMTYsImV4cCI6MTYyNjQxMzkxNiwiaXNzIjoiY29hcnNvZnQuY29tIiwic3ViIjoidXNlckluZm8ifQ.bXwK5sxF2RQNPwJSD813U9365w3K0R_wEqsg6zgJXjM","user-agent":"PostmanRuntime/7.28.3","accept":"*/*","cache-control":"no-cache","postman-token":"8a883975-55ab-4571-b123-09f3fac8e65b","host":"localhost:3000","accept-encoding":"gzip, deflate, br","connection":"keep-alive"}},"response":{"status":404,"message":"Not Found","header":{"vary":"Origin"}},"app":{"subdomainOffset":2,"proxy":false,"env":"development"},"originalUrl":"/v1/bo/setting","req":"<original node req>","res":"<original node res>","socket":"<original node socket>"},"request":{}}
2021-08-13 10:57:32 info ::1 - - [2021-08-13T01:57:32.425Z] GET /v1/bo/setting HTTP/1.1 401 71 - "PostmanRuntime/7.28.3" -
2021-08-13 10:58:09 error {"message":"허용하지 않은 접근"}
2021-08-13 10:58:09 info ::1 - - [2021-08-13T01:58:09.331Z] PUT /v1/setting HTTP/1.1 404 55 - "PostmanRuntime/7.28.3" -
2021-08-13 10:59:20 info ::1 - - [2021-08-13T01:59:20.406Z] POST /v1/user/login HTTP/1.1 200 503 - "PostmanRuntime/7.28.3" -
2021-08-13 10:59:34 error {"message":"허용하지 않은 접근","user":{"id":"admin","name":"관리자","role":"00","phone":"070-4632-5580","identityNumber":null,"lastApiRequest":null,"lastModifyPassword":"2021-07-29 12:49:58","failLoginCount":0,"isBlocked":false,"created_at":"2021-07-29 12:49:58","updated_at":"2021-07-29 12:49:58"}}
2021-08-13 10:59:34 info ::1 - - [2021-08-13T01:59:34.174Z] PUT /v1/setting HTTP/1.1 404 55 - "PostmanRuntime/7.28.3" admin
2021-08-13 11:00:02 info Listening on port 3000...
2021-08-13 11:00:04 error {"message":"허용하지 않은 접근","user":{"id":"admin","name":"관리자","role":"00","phone":"070-4632-5580","identityNumber":null,"lastApiRequest":null,"lastModifyPassword":"2021-07-29 12:49:58","failLoginCount":0,"isBlocked":false,"created_at":"2021-07-29 12:49:58","updated_at":"2021-07-29 12:49:58"}}
2021-08-13 11:00:04 info ::1 - - [2021-08-13T02:00:04.982Z] PUT /v1/setting HTTP/1.1 404 55 - "PostmanRuntime/7.28.3" admin
2021-08-13 11:00:32 info ::1 - - [2021-08-13T02:00:32.295Z] PUT /v1/bo/setting HTTP/1.1 200 92 - "PostmanRuntime/7.28.3" admin
2021-08-13 11:00:34 info Listening on port 3000...
2021-08-13 11:01:35 info Listening on port 3000...
2021-08-13 11:01:38 info ::1 - - [2021-08-13T02:01:38.572Z] GET /v1/bo/setting HTTP/1.1 200 40 - "PostmanRuntime/7.28.3" -
2021-08-13 11:02:03 info Listening on port 3000...
2021-08-13 11:02:04 info ::1 - - [2021-08-13T02:02:04.337Z] GET /v1/bo/setting HTTP/1.1 200 92 - "PostmanRuntime/7.28.3" -
2021-08-13 11:15:47 info ::1 - - [2021-08-13T02:15:47.018Z] PUT /v1/bo/setting HTTP/1.1 200 92 - "PostmanRuntime/7.28.3" admin
2021-08-13 11:15:49 info Listening on port 3000...
2021-08-13 11:15:52 info ::1 - - [2021-08-13T02:15:52.747Z] GET /v1/bo/setting HTTP/1.1 200 92 - "PostmanRuntime/7.28.3" -
2021-08-13 11:23:14 info Listening on port 3000...
2021-08-13 11:23:19 info ::1 - - [2021-08-13T02:23:19.147Z] POST /v1/user/login HTTP/1.1 200 503 - "PostmanRuntime/7.28.3" -
2021-08-13 11:24:43 info Listening on port 3000...
2021-08-13 11:24:44 info ::ffff:127.0.0.1 - - [2021-08-13T02:24:44.274Z] POST /v1/user/login HTTP/1.1 200 503 - "PostmanRuntime/7.28.3" -
2021-08-13 11:29:25 info Listening on port 3000...
2021-08-13 11:33:50 info ::1 - - [2021-08-13T02:33:50.481Z] POST /v1/user/login HTTP/1.1 200 503 - "PostmanRuntime/7.28.3" -
2021-08-13 11:33:58 info Listening on port 3000...
2021-08-13 11:33:58 info ::ffff:127.0.0.1 - - [2021-08-13T02:33:58.915Z] POST /v1/user/login HTTP/1.1 200 503 - "PostmanRuntime/7.28.3" -
2021-08-13 11:35:26 info Listening on port 3000...
2021-08-13 12:09:05 info Listening on port 3000...
2021-08-13 12:09:24 info ::1 - - [2021-08-13T03:09:24.131Z] POST /v1/user/login HTTP/1.1 200 503 - "PostmanRuntime/7.28.3" -
2021-08-13 12:09:49 info Listening on port 3000...
2021-08-13 12:09:50 info ::ffff:127.0.0.1 - - [2021-08-13T03:09:50.407Z] POST /v1/user/login HTTP/1.1 200 503 - "PostmanRuntime/7.28.3" -
2021-08-13 12:18:01 info Listening on port 3000...
2021-08-13 12:19:29 error {"message":"now.diff is not a function","ctx":{"request":{"method":"POST","url":"/v1/user/login","header":{"content-type":"application/json","user-agent":"PostmanRuntime/7.28.3","accept":"*/*","cache-control":"no-cache","postman-token":"08c9368d-29ef-41f0-83b9-244d01be13f1","host":"localhost:3000","accept-encoding":"gzip, deflate, br","connection":"keep-alive","content-length":"81"}},"response":{"status":404,"message":"Not Found","header":{"vary":"Origin"}},"app":{"subdomainOffset":2,"proxy":false,"env":"development"},"originalUrl":"/v1/user/login","req":"<original node req>","res":"<original node res>","socket":"<original node socket>"},"request":{"user":{"id":"admin","password":"coarsoft13@$"}}}
2021-08-13 12:19:29 info ::1 - - [2021-08-13T03:19:29.052Z] POST /v1/user/login HTTP/1.1 404 55 - "PostmanRuntime/7.28.3" -
2021-08-13 12:19:47 info Listening on port 3000...
2021-08-13 12:19:53 info Listening on port 3000...
2021-08-13 12:19:54 error {"message":"_moment.default.diff is not a function","ctx":{"request":{"method":"POST","url":"/v1/user/login","header":{"content-type":"application/json","user-agent":"PostmanRuntime/7.28.3","accept":"*/*","cache-control":"no-cache","postman-token":"1b4e3e0c-5330-4bee-9b4c-2f40b05db81a","host":"localhost:3000","accept-encoding":"gzip, deflate, br","connection":"keep-alive","content-length":"81"}},"response":{"status":404,"message":"Not Found","header":{"vary":"Origin"}},"app":{"subdomainOffset":2,"proxy":false,"env":"development"},"originalUrl":"/v1/user/login","req":"<original node req>","res":"<original node res>","socket":"<original node socket>"},"request":{"user":{"id":"admin","password":"coarsoft13@$"}}}
2021-08-13 12:19:54 info ::ffff:127.0.0.1 - - [2021-08-13T03:19:54.153Z] POST /v1/user/login HTTP/1.1 404 67 - "PostmanRuntime/7.28.3" -
2021-08-13 12:20:25 info Listening on port 3000...
2021-08-13 12:20:25 error {"message":"(0 , _moment.default)(...).duration is not a function","ctx":{"request":{"method":"POST","url":"/v1/user/login","header":{"content-type":"application/json","user-agent":"PostmanRuntime/7.28.3","accept":"*/*","cache-control":"no-cache","postman-token":"6832bc29-166e-4ee6-88a2-dd8d6a96082a","host":"localhost:3000","accept-encoding":"gzip, deflate, br","connection":"keep-alive","content-length":"81"}},"response":{"status":404,"message":"Not Found","header":{"vary":"Origin"}},"app":{"subdomainOffset":2,"proxy":false,"env":"development"},"originalUrl":"/v1/user/login","req":"<original node req>","res":"<original node res>","socket":"<original node socket>"},"request":{"user":{"id":"admin","password":"coarsoft13@$"}}}
2021-08-13 12:20:25 info ::1 - - [2021-08-13T03:20:25.948Z] POST /v1/user/login HTTP/1.1 404 82 - "PostmanRuntime/7.28.3" -
2021-08-13 12:20:41 info Listening on port 3000...
2021-08-13 12:20:42 info ::ffff:127.0.0.1 - - [2021-08-13T03:20:42.268Z] POST /v1/user/login HTTP/1.1 200 503 - "PostmanRuntime/7.28.3" -
2021-08-13 12:21:36 info Listening on port 3000...
2021-08-13 12:22:51 info Listening on port 3000...
2021-08-13 12:22:52 info ::1 - - [2021-08-13T03:22:52.368Z] POST /v1/user/login HTTP/1.1 200 503 - "PostmanRuntime/7.28.3" -
2021-08-13 14:27:13 info Listening on port 3000...
2021-08-13 14:27:15 error {"message":"today.diff is not a function","ctx":{"request":{"method":"POST","url":"/v1/user/login","header":{"content-type":"application/json","user-agent":"PostmanRuntime/7.28.3","accept":"*/*","cache-control":"no-cache","postman-token":"1a479248-9509-4d08-bad8-5a681c4580c2","host":"localhost:3000","accept-encoding":"gzip, deflate, br","connection":"keep-alive","content-length":"81"}},"response":{"status":404,"message":"Not Found","header":{"vary":"Origin"}},"app":{"subdomainOffset":2,"proxy":false,"env":"development"},"originalUrl":"/v1/user/login","req":"<original node req>","res":"<original node res>","socket":"<original node socket>"},"request":{"user":{"id":"admin","password":"coarsoft13@$"}}}
2021-08-13 14:27:15 info ::1 - - [2021-08-13T05:27:15.613Z] POST /v1/user/login HTTP/1.1 404 57 - "PostmanRuntime/7.28.3" -
2021-08-13 14:27:58 info Listening on port 3000...
2021-08-13 14:27:58 error {"message":"today.diff is not a function","ctx":{"request":{"method":"POST","url":"/v1/user/login","header":{"content-type":"application/json","user-agent":"PostmanRuntime/7.28.3","accept":"*/*","cache-control":"no-cache","postman-token":"bea4e0fa-efae-4dec-bfe4-4df73d92001f","host":"localhost:3000","accept-encoding":"gzip, deflate, br","connection":"keep-alive","content-length":"81"}},"response":{"status":404,"message":"Not Found","header":{"vary":"Origin"}},"app":{"subdomainOffset":2,"proxy":false,"env":"development"},"originalUrl":"/v1/user/login","req":"<original node req>","res":"<original node res>","socket":"<original node socket>"},"request":{"user":{"id":"admin","password":"coarsoft13@$"}}}
2021-08-13 14:27:58 info ::ffff:127.0.0.1 - - [2021-08-13T05:27:58.907Z] POST /v1/user/login HTTP/1.1 404 57 - "PostmanRuntime/7.28.3" -
2021-08-13 14:30:14 info Listening on port 3000...
2021-08-13 14:32:19 info Listening on port 3000...
2021-08-13 14:32:23 error {"message":"expday.isBefore is not a function","ctx":{"request":{"method":"POST","url":"/v1/user/login","header":{"content-type":"application/json","user-agent":"PostmanRuntime/7.28.3","accept":"*/*","cache-control":"no-cache","postman-token":"d9c81dfb-00c3-4e9c-8d66-6eaa054a7217","host":"localhost:3000","accept-encoding":"gzip, deflate, br","connection":"keep-alive","content-length":"81"}},"response":{"status":404,"message":"Not Found","header":{"vary":"Origin"}},"app":{"subdomainOffset":2,"proxy":false,"env":"development"},"originalUrl":"/v1/user/login","req":"<original node req>","res":"<original node res>","socket":"<original node socket>"},"request":{"user":{"id":"admin","password":"coarsoft13@$"}}}
2021-08-13 14:32:23 info ::1 - - [2021-08-13T05:32:23.085Z] POST /v1/user/login HTTP/1.1 404 62 - "PostmanRuntime/7.28.3" -
2021-08-13 14:32:39 info Listening on port 3000...
2021-08-13 14:32:40 error {"message":"expday is not a function","ctx":{"request":{"method":"POST","url":"/v1/user/login","header":{"content-type":"application/json","user-agent":"PostmanRuntime/7.28.3","accept":"*/*","cache-control":"no-cache","postman-token":"7666fe5b-d313-411d-ade5-0cf7e190541d","host":"localhost:3000","accept-encoding":"gzip, deflate, br","connection":"keep-alive","content-length":"81"}},"response":{"status":404,"message":"Not Found","header":{"vary":"Origin"}},"app":{"subdomainOffset":2,"proxy":false,"env":"development"},"originalUrl":"/v1/user/login","req":"<original node req>","res":"<original node res>","socket":"<original node socket>"},"request":{"user":{"id":"admin","password":"coarsoft13@$"}}}
2021-08-13 14:32:40 info ::ffff:127.0.0.1 - - [2021-08-13T05:32:40.130Z] POST /v1/user/login HTTP/1.1 404 53 - "PostmanRuntime/7.28.3" -
2021-08-13 14:33:08 info Listening on port 3000...
2021-08-13 14:33:09 info ::1 - - [2021-08-13T05:33:09.262Z] POST /v1/user/login HTTP/1.1 200 503 - "PostmanRuntime/7.28.3" -
2021-08-13 14:33:23 info Listening on port 3000...
2021-08-13 14:33:23 info ::ffff:127.0.0.1 - - [2021-08-13T05:33:23.840Z] POST /v1/user/login HTTP/1.1 200 503 - "PostmanRuntime/7.28.3" -
2021-08-13 14:33:55 info Listening on port 3000...
2021-08-13 14:33:56 info ::ffff:127.0.0.1 - - [2021-08-13T05:33:56.004Z] POST /v1/user/login HTTP/1.1 200 503 - "PostmanRuntime/7.28.3" -
2021-08-13 14:37:15 info Listening on port 3000...
2021-08-13 14:37:16 info ::1 - - [2021-08-13T05:37:16.432Z] POST /v1/user/login HTTP/1.1 200 503 - "PostmanRuntime/7.28.3" -
2021-08-13 14:38:35 info ::1 - - [2021-08-13T05:38:35.344Z] POST /v1/user/login HTTP/1.1 200 503 - "PostmanRuntime/7.28.3" -
2021-08-13 14:38:51 info Listening on port 3000...
2021-08-13 14:38:51 info ::ffff:127.0.0.1 - - [2021-08-13T05:38:51.901Z] POST /v1/user/login HTTP/1.1 200 503 - "PostmanRuntime/7.28.3" -
2021-08-13 14:40:52 info Listening on port 3000...
2021-08-13 14:45:35 info Listening on port 3000...
2021-08-13 14:47:28 info Listening on port 3000...
2021-08-13 14:47:47 info ::1 - - [2021-08-13T05:47:47.963Z] POST /v1/user/login HTTP/1.1 200 526 - "PostmanRuntime/7.28.3" -
2021-08-13 14:47:58 info Listening on port 3000...
2021-08-13 14:47:58 info ::ffff:127.0.0.1 - - [2021-08-13T05:47:58.984Z] POST /v1/user/login HTTP/1.1 200 526 - "PostmanRuntime/7.28.3" -
2021-08-13 14:50:13 info Listening on port 3000...
2021-08-13 14:50:21 info Listening on port 3000...
2021-08-13 14:51:18 info Listening on port 3000...
2021-08-13 16:19:21 info Listening on port 3000...
2021-08-13 16:19:21 error {"message":"Cannot create property 'modifyPasswordYN' on boolean 'false'","ctx":{"request":{"method":"POST","url":"/v1/user/login","header":{"content-type":"text/plain","user-agent":"PostmanRuntime/7.28.3","accept":"*/*","cache-control":"no-cache","postman-token":"c35b0843-49c1-4dd8-8ccd-fbd54c31f0b7","host":"localhost:3000","accept-encoding":"gzip, deflate, br","connection":"keep-alive","content-length":"86"}},"response":{"status":404,"message":"Not Found","header":{"vary":"Origin"}},"app":{"subdomainOffset":2,"proxy":false,"env":"development"},"originalUrl":"/v1/user/login","req":"<original node req>","res":"<original node res>","socket":"<original node socket>"},"request":"{\n    \"user\": {\n        \"id\": \"student_01\",\n        \"password\": \"coarsoft13@$\"\n    }\n}"}
2021-08-13 16:19:21 info ::1 - - [2021-08-13T07:19:21.876Z] POST /v1/user/login HTTP/1.1 404 89 - "PostmanRuntime/7.28.3" -
2021-08-13 16:19:40 info Listening on port 3000...
2021-08-13 16:19:40 error {"message":"Cannot create property 'modifyPasswordYN' on boolean 'false'"}
2021-08-13 16:19:40 info ::ffff:127.0.0.1 - - [2021-08-13T07:19:40.653Z] POST /v1/user/login HTTP/1.1 500 89 - "PostmanRuntime/7.28.3" -
2021-08-13 16:20:05 info Listening on port 3000...
2021-08-13 16:20:05 error {"message":"Cannot create property 'modifyPasswordYN' on boolean 'false'"}
2021-08-13 16:20:05 info ::ffff:127.0.0.1 - - [2021-08-13T07:20:05.808Z] POST /v1/user/login HTTP/1.1 500 89 - "PostmanRuntime/7.28.3" -
2021-08-13 16:21:44 error {"message":"설정정보가 존재하지 않습니다.","ctx":{"request":{"method":"GET","url":"/v1/bo/setting","header":{"authorization":"Bearer eyJhbGciOiJIUzI1NiIsInR5cCI6IkpXVCJ9.eyJpZCI6Im5hdnlfMDEiLCJpYXQiOjE2MjU4MDkxMTYsImV4cCI6MTYyNjQxMzkxNiwiaXNzIjoiY29hcnNvZnQuY29tIiwic3ViIjoidXNlckluZm8ifQ.bXwK5sxF2RQNPwJSD813U9365w3K0R_wEqsg6zgJXjM","user-agent":"PostmanRuntime/7.28.3","accept":"*/*","cache-control":"no-cache","postman-token":"e6810d0b-c465-4357-afd0-34442e139f89","host":"localhost:3000","accept-encoding":"gzip, deflate, br","connection":"keep-alive"}},"response":{"status":404,"message":"Not Found","header":{"vary":"Origin"}},"app":{"subdomainOffset":2,"proxy":false,"env":"development"},"originalUrl":"/v1/bo/setting","req":"<original node req>","res":"<original node res>","socket":"<original node socket>"},"request":{}}
2021-08-13 16:21:44 info ::1 - - [2021-08-13T07:21:44.047Z] GET /v1/bo/setting HTTP/1.1 401 71 - "PostmanRuntime/7.28.3" -
2021-08-13 16:22:07 info Listening on port 3000...
2021-08-13 16:22:40 info ::1 - - [2021-08-13T07:22:40.251Z] PUT /v1/bo/setting HTTP/1.1 200 92 - "PostmanRuntime/7.28.3" admin
2021-08-13 16:22:49 info ::1 - - [2021-08-13T07:22:49.205Z] GET /v1/bo/setting HTTP/1.1 200 92 - "PostmanRuntime/7.28.3" -
2021-08-13 16:25:52 info Listening on port 3000...
2021-08-13 16:26:01 info Listening on port 3000...
2021-08-13 16:26:39 info Listening on port 3000...
2021-08-13 16:26:44 info Listening on port 3000...
2021-08-13 16:26:53 info ::1 - - [2021-08-13T07:26:53.539Z] GET /v1/bo/setting HTTP/1.1 200 92 - "PostmanRuntime/7.28.3" -
2021-08-13 16:27:02 info Listening on port 3000...
2021-08-13 16:27:54 error {"message":"Cannot create property 'modifyPasswordYN' on boolean 'false'","ctx":{"request":{"method":"POST","url":"/v1/user/login","header":{"content-type":"text/plain","user-agent":"PostmanRuntime/7.28.3","accept":"*/*","cache-control":"no-cache","postman-token":"f654969f-af61-41b9-8126-7da2b9fe3d8d","host":"localhost:3000","accept-encoding":"gzip, deflate, br","connection":"keep-alive","content-length":"86"}},"response":{"status":404,"message":"Not Found","header":{"vary":"Origin"}},"app":{"subdomainOffset":2,"proxy":false,"env":"development"},"originalUrl":"/v1/user/login","req":"<original node req>","res":"<original node res>","socket":"<original node socket>"},"request":"{\n    \"user\": {\n        \"id\": \"student_01\",\n        \"password\": \"coarsoft13@$\"\n    }\n}"}
2021-08-13 16:27:54 info ::1 - - [2021-08-13T07:27:54.677Z] POST /v1/user/login HTTP/1.1 404 89 - "PostmanRuntime/7.28.3" -
2021-08-13 16:28:01 info ::1 - - [2021-08-13T07:28:01.444Z] POST /v1/user/login HTTP/1.1 200 544 - "PostmanRuntime/7.28.3" -
2021-08-13 16:30:03 error {"message":"Cannot create property 'modifyPasswordYN' on boolean 'false'","ctx":{"request":{"method":"POST","url":"/v1/user/login","header":{"content-type":"text/plain","user-agent":"PostmanRuntime/7.28.3","accept":"*/*","cache-control":"no-cache","postman-token":"2ee97105-cc47-47cd-8a25-69b684f69ac4","host":"localhost:3000","accept-encoding":"gzip, deflate, br","connection":"keep-alive","content-length":"86"}},"response":{"status":404,"message":"Not Found","header":{"vary":"Origin"}},"app":{"subdomainOffset":2,"proxy":false,"env":"development"},"originalUrl":"/v1/user/login","req":"<original node req>","res":"<original node res>","socket":"<original node socket>"},"request":"{\n    \"user\": {\n        \"id\": \"student_01\",\n        \"password\": \"coarsoft13@$\"\n    }\n}"}
2021-08-13 16:30:03 info ::1 - - [2021-08-13T07:30:03.365Z] POST /v1/user/login HTTP/1.1 404 89 - "PostmanRuntime/7.28.3" -
2021-08-13 16:30:42 info Listening on port 3000...
2021-08-13 16:30:45 info ::1 - - [2021-08-13T07:30:45.552Z] POST /v1/user/login HTTP/1.1 200 228 - "PostmanRuntime/7.28.3" -
2021-08-13 16:31:36 info ::1 - - [2021-08-13T07:31:36.485Z] POST /v1/user/login HTTP/1.1 200 228 - "PostmanRuntime/7.28.3" -
2021-08-13 16:34:41 info ::1 - - [2021-08-13T07:34:41.739Z] POST /v1/user/login HTTP/1.1 200 544 - "PostmanRuntime/7.28.3" -
2021-08-13 16:34:53 info ::1 - - [2021-08-13T07:34:53.481Z] GET /v1/bo/setting HTTP/1.1 200 92 - "PostmanRuntime/7.28.3" -
