2021-08-17 10:37:22 info Listening on port 3000...
2021-08-17 10:49:30 info ::1 - - [2021-08-17T01:49:30.347Z] GET /v1/simulation/gk3tp38t4kr0a4pzj HTTP/1.1 200 26 - "PostmanRuntime/7.28.3" admin
2021-08-17 11:11:01 info Listening on port 3000...
2021-08-17 11:12:52 info ::1 - - [2021-08-17T02:12:52.266Z] POST /v1/user/login HTTP/1.1 200 526 - "PostmanRuntime/7.28.3" -
2021-08-17 11:13:41 info Listening on port 3000...
2021-08-17 11:15:11 info ::1 - - [2021-08-17T02:15:11.852Z] POST /v1/simulation/gk3tp38t4kr0a4pzj HTTP/1.1 200 412 - "PostmanRuntime/7.28.3" admin
2021-08-17 11:15:14 info Listening on port 3000...
2021-08-17 11:20:54 info Listening on port 3000...
2021-08-17 11:21:17 info ::1 - - [2021-08-17T02:21:17.044Z] GET /v1/simulation/gk3tp38t4kr0a4pzj HTTP/1.1 200 412 - "PostmanRuntime/7.28.3" admin
2021-08-17 11:22:15 error {"message":"권한정보가 없습니다.","ctx":{"request":{"method":"PUT","url":"/v1/simulation/gk3tp38t4kr0a4pzj","header":{"authorization":"Bearer eyJhbGciOiJIUzI1NiIsInR5cCI6IkpXVCJ9.eyJpZCI6Im5hdnlfMDEiLCJpYXQiOjE2MjU4MDkxMTYsImV4cCI6MTYyNjQxMzkxNiwiaXNzIjoiY29hcnNvZnQuY29tIiwic3ViIjoidXNlckluZm8ifQ.bXwK5sxF2RQNPwJSD813U9365w3K0R_wEqsg6zgJXjM","content-type":"application/json","user-agent":"PostmanRuntime/7.28.3","accept":"*/*","cache-control":"no-cache","postman-token":"569bbdfb-38d4-44e8-97a6-d8f287a1b5af","host":"localhost:3000","accept-encoding":"gzip, deflate, br","connection":"keep-alive","content-length":"836"}},"response":{"status":404,"message":"Not Found","header":{"vary":"Origin"}},"app":{"subdomainOffset":2,"proxy":false,"env":"development"},"originalUrl":"/v1/simulation/gk3tp38t4kr0a4pzj","req":"<original node req>","res":"<original node res>","socket":"<original node socket>"},"request":{"simulation":{"screenID":"01","isSharing":true,"modeling":{"position":{"x":37.5668654,"y":100,"z":3},"rotation":{"x":37,"y":100,"z":3},"scale":{"x":37,"y":100,"z":3}},"camera":{"position":{"x":37,"y":100,"z":3},"rotation":{"x":37,"y":100,"z":3}},"button":{"isRun":true,"isInner":true,"isFX":false}}}}
2021-08-17 11:22:15 info ::1 - - [2021-08-17T02:22:15.284Z] PUT /v1/simulation/gk3tp38t4kr0a4pzj HTTP/1.1 404 58 - "PostmanRuntime/7.28.3" -
2021-08-17 11:22:33 info ::1 - - [2021-08-17T02:22:33.073Z] PUT /v1/simulation/gk3tp38t4kr0a4pzj HTTP/1.1 200 419 - "PostmanRuntime/7.28.3" admin
2021-08-17 11:22:35 info Listening on port 3000...
2021-08-17 11:22:43 info ::1 - - [2021-08-17T02:22:43.466Z] GET /v1/simulation/gk3tp38t4kr0a4pzj HTTP/1.1 200 419 - "PostmanRuntime/7.28.3" admin
2021-08-17 12:17:49 info Listening on port 3000...
2021-08-17 12:18:52 info Listening on port 3000...
2021-08-17 12:19:03 info Listening on port 3000...
2021-08-17 12:21:17 info Listening on port 3000...
2021-08-17 12:23:16 info Listening on port 3000...
2021-08-17 12:25:35 info ::1 - - [2021-08-17T03:25:35.479Z] PUT /v1/simulation/gk3tp38t4kr0a4pzj HTTP/1.1 200 585 - "PostmanRuntime/7.28.3" admin
2021-08-17 12:25:37 info Listening on port 3000...
2021-08-17 12:25:44 info ::1 - - [2021-08-17T03:25:44.464Z] GET /v1/simulation/gk3tp38t4kr0a4pzj HTTP/1.1 200 585 - "PostmanRuntime/7.28.3" admin
2021-08-17 12:27:52 info ::1 - - [2021-08-17T03:27:52.017Z] POST /v1/simulation/gk3tp38t4kr0a4pzj HTTP/1.1 200 578 - "PostmanRuntime/7.28.3" admin
2021-08-17 12:28:27 info Listening on port 3000...
2021-08-17 14:28:52 info Listening on port 3000...
2021-08-17 15:20:19 info Listening on port 3000...
2021-08-17 15:20:24 info ::1 - - [2021-08-17T06:20:24.582Z] DELETE /v1/simulation/gk3tp38t4kr0a4pzj HTTP/1.1 200 43 - "PostmanRuntime/7.28.3" admin
2021-08-17 15:30:23 info Listening on port 3000...
2021-08-17 15:30:26 info ::1 - - [2021-08-17T06:30:26.672Z] DELETE /v1/simulation/gk3tp38t4kr0a4pzj HTTP/1.1 200 43 - "PostmanRuntime/7.28.3" admin
2021-08-17 15:30:42 info ::1 - - [2021-08-17T06:30:42.303Z] POST /v1/simulation/gk3tp38t4kr0a4pzj HTTP/1.1 200 578 - "PostmanRuntime/7.28.3" admin
2021-08-17 15:30:44 info Listening on port 3000...
2021-08-17 15:30:50 info ::1 - - [2021-08-17T06:30:50.536Z] DELETE /v1/simulation/gk3tp38t4kr0a4pzj HTTP/1.1 200 43 - "PostmanRuntime/7.28.3" admin
2021-08-17 15:31:42 info Listening on port 3000...
2021-08-17 15:31:55 info ::1 - - [2021-08-17T06:31:55.254Z] GET /v1/simulation/gk3tp38t4kr0a4pzj HTTP/1.1 200 578 - "PostmanRuntime/7.28.3" admin
2021-08-17 15:32:26 info ::1 - - [2021-08-17T06:32:26.263Z] DELETE /v1/simulation/gk3tp38t4kr0a4pzj HTTP/1.1 200 43 - "PostmanRuntime/7.28.3" admin
2021-08-17 15:33:23 info Listening on port 3000...
2021-08-17 15:37:03 info ::1 - - [2021-08-17T06:37:03.370Z] DELETE /v1/simulation/gk3tp38t4kr0a4pzj HTTP/1.1 200 43 - "PostmanRuntime/7.28.3" admin
2021-08-17 15:56:44 info ::1 - - [2021-08-17T06:56:44.421Z] POST /v1/simulation/gk3tp38t4kr0a4pzj HTTP/1.1 200 578 - "PostmanRuntime/7.28.3" admin
2021-08-17 15:56:47 info Listening on port 3000...
2021-08-17 15:56:55 info ::1 - - [2021-08-17T06:56:55.051Z] GET /v1/simulation/gk3tp38t4kr0a4pzj HTTP/1.1 200 578 - "PostmanRuntime/7.28.3" admin
2021-08-17 15:57:19 info Listening on port 3000...
